<?xml version="1.0" encoding="UTF-8"?>
<testng-results skipped="0" failed="0" total="2" passed="2">
  <reporter-output>
  </reporter-output>
  <suite name="Default suite" duration-ms="8005" started-at="2025-04-24T09:30:55Z" finished-at="2025-04-24T09:31:03Z">
    <groups>
    </groups>
    <test name="Default test" duration-ms="8005" started-at="2025-04-24T09:30:55Z" finished-at="2025-04-24T09:31:03Z">
      <class name="TestNG.ScreenShotTest2">
        <test-method status="PASS" signature="setup()[pri:0, instance:TestNG.ScreenShotTest2@19dc67c2]" name="setup" is-config="true" duration-ms="5853" started-at="2025-04-24T15:00:55Z" finished-at="2025-04-24T15:01:01Z">
          <reporter-output>
          </reporter-output>
        </test-method> <!-- setup -->
        <test-method status="PASS" signature="captureScreen()[pri:0, instance:TestNG.ScreenShotTest2@19dc67c2]" name="captureScreen" duration-ms="1540" started-at="2025-04-24T15:01:01Z" finished-at="2025-04-24T15:01:02Z">
          <reporter-output>
          </reporter-output>
        </test-method> <!-- captureScreen -->
        <test-method status="PASS" signature="captureScreenShotTest()[pri:0, instance:TestNG.ScreenShotTest2@19dc67c2]" name="captureScreenShotTest" duration-ms="577" started-at="2025-04-24T15:01:02Z" finished-at="2025-04-24T15:01:03Z">
          <reporter-output>
          </reporter-output>
        </test-method> <!-- captureScreenShotTest -->
      </class> <!-- TestNG.ScreenShotTest2 -->
    </test> <!-- Default test -->
  </suite> <!-- Default suite -->
</testng-results>
